2024-12-22 23:04:24 [INFO ] [main] r.s.b.BookServiceApplication - Starting BookServiceApplication using Java 17.0.10 with PID 5900 (C:\Users\user\IdeaProjects\Spring\DZ9\Book-Service\target\classes started by alexds in C:\Users\user\IdeaProjects\Spring\DZ9)
2024-12-22 23:04:24 [INFO ] [main] r.s.b.BookServiceApplication - No active profile set, falling back to 1 default profile: "default"
2024-12-22 23:04:25 [INFO ] [main] o.s.d.r.c.RepositoryConfigurationDelegate - Bootstrapping Spring Data JPA repositories in DEFAULT mode.
2024-12-22 23:04:26 [INFO ] [main] o.s.d.r.c.RepositoryConfigurationDelegate - Finished Spring Data repository scanning in 125 ms. Found 2 JPA repository interfaces.
2024-12-22 23:04:27 [INFO ] [main] o.s.b.w.e.tomcat.TomcatWebServer - Tomcat initialized with port 8081 (http)
2024-12-22 23:04:27 [INFO ] [main] o.a.coyote.http11.Http11NioProtocol - Initializing ProtocolHandler ["http-nio-8081"]
2024-12-22 23:04:27 [INFO ] [main] o.a.catalina.core.StandardService - Starting service [Tomcat]
2024-12-22 23:04:27 [INFO ] [main] o.a.catalina.core.StandardEngine - Starting Servlet engine: [Apache Tomcat/10.1.34]
2024-12-22 23:04:27 [INFO ] [main] o.a.c.c.C.[Tomcat].[localhost].[/] - Initializing Spring embedded WebApplicationContext
2024-12-22 23:04:28 [INFO ] [main] o.s.b.w.s.c.ServletWebServerApplicationContext - Root WebApplicationContext: initialization completed in 3803 ms
2024-12-22 23:04:28 [INFO ] [main] o.h.jpa.internal.util.LogHelper - HHH000204: Processing PersistenceUnitInfo [name: default]
2024-12-22 23:04:28 [INFO ] [main] org.hibernate.Version - HHH000412: Hibernate ORM core version 6.6.4.Final
2024-12-22 23:04:28 [INFO ] [main] o.h.c.i.RegionFactoryInitiator - HHH000026: Second-level cache disabled
2024-12-22 23:04:29 [INFO ] [main] o.s.o.j.p.SpringPersistenceUnitInfo - No LoadTimeWeaver setup: ignoring JPA class transformer
2024-12-22 23:04:29 [INFO ] [main] com.zaxxer.hikari.HikariDataSource - HikariPool-1 - Starting...
2024-12-22 23:04:29 [INFO ] [main] com.zaxxer.hikari.pool.HikariPool - HikariPool-1 - Added connection com.mysql.cj.jdbc.ConnectionImpl@d8e4250
2024-12-22 23:04:29 [INFO ] [main] com.zaxxer.hikari.HikariDataSource - HikariPool-1 - Start completed.
2024-12-22 23:04:29 [WARN ] [main] org.hibernate.orm.deprecation - HHH90000025: MySQLDialect does not need to be specified explicitly using 'hibernate.dialect' (remove the property setting and it will be selected by default)
2024-12-22 23:04:29 [INFO ] [main] o.hibernate.orm.connections.pooling - HHH10001005: Database info:
	Database JDBC URL [Connecting through datasource 'HikariDataSource (HikariPool-1)']
	Database driver: undefined/unknown
	Database version: 8.0.40
	Autocommit mode: undefined/unknown
	Isolation level: undefined/unknown
	Minimum pool size: undefined/unknown
	Maximum pool size: undefined/unknown
2024-12-22 23:04:31 [INFO ] [main] o.h.e.t.j.p.i.JtaPlatformInitiator - HHH000489: No JTA platform available (set 'hibernate.transaction.jta.platform' to enable JTA platform integration)
2024-12-22 23:04:31 [INFO ] [main] o.s.o.j.LocalContainerEntityManagerFactoryBean - Initialized JPA EntityManagerFactory for persistence unit 'default'
2024-12-22 23:04:31 [WARN ] [main] o.s.b.a.o.j.JpaBaseConfiguration$JpaWebConfiguration - spring.jpa.open-in-view is enabled by default. Therefore, database queries may be performed during view rendering. Explicitly configure spring.jpa.open-in-view to disable this warning
2024-12-22 23:04:31 [INFO ] [main] o.s.v.b.OptionalValidatorFactoryBean - Failed to set up a Bean Validation provider: jakarta.validation.NoProviderFoundException: Unable to create a Configuration, because no Jakarta Bean Validation provider could be found. Add a provider like Hibernate Validator (RI) to your classpath.
2024-12-22 23:04:32 [INFO ] [main] o.a.coyote.http11.Http11NioProtocol - Starting ProtocolHandler ["http-nio-8081"]
2024-12-22 23:04:32 [INFO ] [main] o.s.b.w.e.tomcat.TomcatWebServer - Tomcat started on port 8081 (http) with context path '/'
2024-12-22 23:04:32 [INFO ] [main] r.s.b.BookServiceApplication - Started BookServiceApplication in 10.1 seconds (process running for 11.884)
2024-12-22 23:05:13 [INFO ] [http-nio-8081-exec-1] o.a.c.c.C.[Tomcat].[localhost].[/] - Initializing Spring DispatcherServlet 'dispatcherServlet'
2024-12-22 23:05:13 [INFO ] [http-nio-8081-exec-1] o.s.web.servlet.DispatcherServlet - Initializing Servlet 'dispatcherServlet'
2024-12-22 23:05:13 [INFO ] [http-nio-8081-exec-1] o.s.web.servlet.DispatcherServlet - Completed initialization in 5 ms
2024-12-22 23:05:37 [INFO ] [http-nio-8081-exec-1] o.s.api.AbstractOpenApiResource - Init duration for springdoc-openapi is: 897 ms
2024-12-22 23:05:44 [INFO ] [http-nio-8081-exec-2] r.s.b.aop.UserActionTrackingAspect - User 'GuestUser' invoked method 'List ru.sorokinad.bookservice.service.BookService.getAllBooks()', with arguments: []
