2024-12-22 00:19:01 [INFO ] [restartedMain] r.s.dz6.LibraryManagementApplication - Starting LibraryManagementApplication using Java 17.0.10 with PID 14124 (C:\Users\user\IdeaProjects\Spring\DZ6\target\classes started by alexds in C:\Users\user\IdeaProjects\Spring\DZ6)
2024-12-22 00:19:01 [INFO ] [restartedMain] r.s.dz6.LibraryManagementApplication - No active profile set, falling back to 1 default profile: "default"
2024-12-22 00:19:01 [INFO ] [restartedMain] o.s.b.d.e.DevToolsPropertyDefaultsPostProcessor - Devtools property defaults active! Set 'spring.devtools.add-properties' to 'false' to disable
2024-12-22 00:19:01 [INFO ] [restartedMain] o.s.b.d.e.DevToolsPropertyDefaultsPostProcessor - For additional web related logging consider setting the 'logging.level.web' property to 'DEBUG'
2024-12-22 00:19:03 [INFO ] [restartedMain] o.s.d.r.c.RepositoryConfigurationDelegate - Bootstrapping Spring Data JPA repositories in DEFAULT mode.
2024-12-22 00:19:04 [INFO ] [restartedMain] o.s.d.r.c.RepositoryConfigurationDelegate - Finished Spring Data repository scanning in 129 ms. Found 2 JPA repository interfaces.
2024-12-22 00:19:05 [INFO ] [restartedMain] o.s.b.w.e.tomcat.TomcatWebServer - Tomcat initialized with port 8080 (http)
2024-12-22 00:19:05 [INFO ] [restartedMain] o.a.coyote.http11.Http11NioProtocol - Initializing ProtocolHandler ["http-nio-8080"]
2024-12-22 00:19:05 [INFO ] [restartedMain] o.a.catalina.core.StandardService - Starting service [Tomcat]
2024-12-22 00:19:05 [INFO ] [restartedMain] o.a.catalina.core.StandardEngine - Starting Servlet engine: [Apache Tomcat/10.1.33]
2024-12-22 00:19:05 [INFO ] [restartedMain] o.a.c.c.C.[Tomcat].[localhost].[/] - Initializing Spring embedded WebApplicationContext
2024-12-22 00:19:05 [INFO ] [restartedMain] o.s.b.w.s.c.ServletWebServerApplicationContext - Root WebApplicationContext: initialization completed in 4221 ms
2024-12-22 00:19:06 [INFO ] [restartedMain] o.h.jpa.internal.util.LogHelper - HHH000204: Processing PersistenceUnitInfo [name: default]
2024-12-22 00:19:06 [INFO ] [restartedMain] org.hibernate.Version - HHH000412: Hibernate ORM core version 6.6.2.Final
2024-12-22 00:19:06 [INFO ] [restartedMain] o.h.c.i.RegionFactoryInitiator - HHH000026: Second-level cache disabled
2024-12-22 00:19:06 [INFO ] [restartedMain] o.s.o.j.p.SpringPersistenceUnitInfo - No LoadTimeWeaver setup: ignoring JPA class transformer
2024-12-22 00:19:06 [INFO ] [restartedMain] com.zaxxer.hikari.HikariDataSource - HikariPool-1 - Starting...
2024-12-22 00:19:07 [INFO ] [restartedMain] com.zaxxer.hikari.pool.HikariPool - HikariPool-1 - Added connection com.mysql.cj.jdbc.ConnectionImpl@124d20f
2024-12-22 00:19:07 [INFO ] [restartedMain] com.zaxxer.hikari.HikariDataSource - HikariPool-1 - Start completed.
2024-12-22 00:19:07 [WARN ] [restartedMain] org.hibernate.orm.deprecation - HHH90000025: MySQLDialect does not need to be specified explicitly using 'hibernate.dialect' (remove the property setting and it will be selected by default)
2024-12-22 00:19:07 [INFO ] [restartedMain] o.hibernate.orm.connections.pooling - HHH10001005: Database info:
	Database JDBC URL [Connecting through datasource 'HikariDataSource (HikariPool-1)']
	Database driver: undefined/unknown
	Database version: 8.0.40
	Autocommit mode: undefined/unknown
	Isolation level: undefined/unknown
	Minimum pool size: undefined/unknown
	Maximum pool size: undefined/unknown
2024-12-22 00:19:08 [INFO ] [restartedMain] o.h.e.t.j.p.i.JtaPlatformInitiator - HHH000489: No JTA platform available (set 'hibernate.transaction.jta.platform' to enable JTA platform integration)
2024-12-22 00:19:08 [INFO ] [restartedMain] o.s.o.j.LocalContainerEntityManagerFactoryBean - Initialized JPA EntityManagerFactory for persistence unit 'default'
2024-12-22 00:19:09 [WARN ] [restartedMain] o.s.b.a.o.j.JpaBaseConfiguration$JpaWebConfiguration - spring.jpa.open-in-view is enabled by default. Therefore, database queries may be performed during view rendering. Explicitly configure spring.jpa.open-in-view to disable this warning
2024-12-22 00:19:10 [INFO ] [restartedMain] o.s.b.d.a.OptionalLiveReloadServer - LiveReload server is running on port 35729
2024-12-22 00:19:10 [INFO ] [restartedMain] o.a.coyote.http11.Http11NioProtocol - Starting ProtocolHandler ["http-nio-8080"]
2024-12-22 00:19:10 [INFO ] [restartedMain] o.s.b.w.e.tomcat.TomcatWebServer - Tomcat started on port 8080 (http) with context path '/'
2024-12-22 00:19:11 [INFO ] [restartedMain] r.s.dz6.LibraryManagementApplication - Started LibraryManagementApplication in 10.838 seconds (process running for 12.595)
2024-12-22 00:19:28 [INFO ] [http-nio-8080-exec-1] o.a.c.c.C.[Tomcat].[localhost].[/] - Initializing Spring DispatcherServlet 'dispatcherServlet'
2024-12-22 00:19:28 [INFO ] [http-nio-8080-exec-1] o.s.web.servlet.DispatcherServlet - Initializing Servlet 'dispatcherServlet'
2024-12-22 00:19:28 [INFO ] [http-nio-8080-exec-1] o.s.web.servlet.DispatcherServlet - Completed initialization in 5 ms
2024-12-22 00:19:28 [INFO ] [http-nio-8080-exec-1] r.s.dz6.aop.UserActionTrackingAspect - User 'GuestUser' invoked method 'Book ru.sorokinad.dz6.service.BookService.saveBook(Book)', with arguments: [Book{id=null, title='Война и Мир', author='Толстой', publisher='Москва', publicationYear=1888, availableCopies=3, reader=null}]
2024-12-22 00:20:06 [INFO ] [http-nio-8080-exec-2] r.s.dz6.aop.UserActionTrackingAspect - User 'GuestUser' invoked method 'Book ru.sorokinad.dz6.service.BookService.saveBook(Book)', with arguments: [Book{id=null, title='Война Миров', author='Уэлс', publisher='Москва', publicationYear=1915, availableCopies=1, reader=null}]
2024-12-22 00:20:32 [INFO ] [http-nio-8080-exec-3] r.s.dz6.aop.UserActionTrackingAspect - User 'GuestUser' invoked method 'Optional ru.sorokinad.dz6.service.BookService.getBookById(Long)', with arguments: [2]
2024-12-22 00:21:04 [INFO ] [http-nio-8080-exec-4] r.s.dz6.aop.UserActionTrackingAspect - User 'GuestUser' invoked method 'Optional ru.sorokinad.dz6.service.ReaderService.getReaderById(Long)', with arguments: [1]
2024-12-22 00:22:10 [INFO ] [http-nio-8080-exec-6] r.s.dz6.aop.UserActionTrackingAspect - User 'GuestUser' invoked method 'void ru.sorokinad.dz6.service.ReaderService.deleteReaderAndUnassignBooks(Long)', with arguments: [1]
2024-12-22 00:29:29 [INFO ] [SpringApplicationShutdownHook] o.s.b.w.e.tomcat.GracefulShutdown - Commencing graceful shutdown. Waiting for active requests to complete
2024-12-22 00:29:30 [INFO ] [tomcat-shutdown] o.s.b.w.e.tomcat.GracefulShutdown - Graceful shutdown complete
2024-12-22 00:29:30 [INFO ] [SpringApplicationShutdownHook] o.s.o.j.LocalContainerEntityManagerFactoryBean - Closing JPA EntityManagerFactory for persistence unit 'default'
2024-12-22 00:29:30 [INFO ] [SpringApplicationShutdownHook] com.zaxxer.hikari.HikariDataSource - HikariPool-1 - Shutdown initiated...
2024-12-22 00:29:30 [INFO ] [SpringApplicationShutdownHook] com.zaxxer.hikari.HikariDataSource - HikariPool-1 - Shutdown completed.
